[debug] [2020-10-09T09:46:44.959Z] ----------------------------------------------------------------------
[debug] [2020-10-09T09:46:44.963Z] Command:       C:\Program Files\nodejs\node.exe C:\Users\91819\AppData\Roaming\npm\node_modules\firebase-tools\lib\bin\firebase.js emulators:start
[debug] [2020-10-09T09:46:44.963Z] CLI Version:   8.11.2
[debug] [2020-10-09T09:46:44.963Z] Platform:      win32
[debug] [2020-10-09T09:46:44.963Z] Node Version:  v12.18.0
[debug] [2020-10-09T09:46:44.965Z] Time:          Fri Oct 09 2020 15:16:44 GMT+0530 (India Standard Time)
[debug] [2020-10-09T09:46:44.965Z] ----------------------------------------------------------------------
[debug] [2020-10-09T09:46:44.965Z] 
[debug] [2020-10-09T09:46:44.976Z] > command requires scopes: ["email","openid","https://www.googleapis.com/auth/cloudplatformprojects.readonly","https://www.googleapis.com/auth/firebase","https://www.googleapis.com/auth/cloud-platform"]
[debug] [2020-10-09T09:46:44.977Z] > authorizing via signed-in user
[info] i  emulators: Starting emulators: functions, hosting {"metadata":{"emulator":{"name":"hub"},"message":"Starting emulators: functions, hosting"}}
[debug] [2020-10-09T09:46:47.066Z] [hub] writing locator at C:\Users\91819\AppData\Local\Temp\hub-react-9fa96.json
[warn] !  functions: The following emulators are not running, calls to these services from the Functions emulator will affect production: auth, firestore, database, pubsub {"metadata":{"emulator":{"name":"functions"},"message":"The following emulators are not running, calls to these services from the Functions emulator will affect production: \u001b[1mauth, firestore, database, pubsub\u001b[22m"}}
[warn] !  Your requested "node" version "10" doesn't match your global version "12" {"metadata":{"emulator":{"name":"functions"},"message":"Your requested \"node\" version \"10\" doesn't match your global version \"12\""}}
[debug] [2020-10-09T09:46:49.138Z] defaultcredentials: writing to file C:\Users\91819\AppData\Roaming\firebase\yash1032_cse18_chitkara.edu.in_application_default_credentials.json
[debug] [2020-10-09T09:46:49.147Z] Setting GAC to C:\Users\91819\AppData\Roaming\firebase\yash1032_cse18_chitkara.edu.in_application_default_credentials.json {"metadata":{"emulator":{"name":"functions"},"message":"Setting GAC to C:\\Users\\91819\\AppData\\Roaming\\firebase\\yash1032_cse18_chitkara.edu.in_application_default_credentials.json"}}
[debug] [2020-10-09T09:46:51.178Z] > refreshing access token with scopes: ["email","https://www.googleapis.com/auth/cloud-platform","https://www.googleapis.com/auth/cloudplatformprojects.readonly","https://www.googleapis.com/auth/firebase","openid"]
[debug] [2020-10-09T09:46:51.179Z] >>> HTTP REQUEST POST https://www.googleapis.com/oauth2/v3/token  
 <request body omitted>
[debug] [2020-10-09T09:46:51.405Z] <<< HTTP RESPONSE 200 {"pragma":"no-cache","date":"Fri, 09 Oct 2020 09:46:51 GMT","cache-control":"no-cache, no-store, max-age=0, must-revalidate","expires":"Mon, 01 Jan 1990 00:00:00 GMT","content-type":"application/json; charset=utf-8","vary":"X-Origin, Referer, Origin,Accept-Encoding","server":"scaffolding on HTTPServer2","x-xss-protection":"0","x-frame-options":"SAMEORIGIN","x-content-type-options":"nosniff","alt-svc":"h3-Q050=\":443\"; ma=2592000,h3-29=\":443\"; ma=2592000,h3-27=\":443\"; ma=2592000,h3-T051=\":443\"; ma=2592000,h3-T050=\":443\"; ma=2592000,h3-Q046=\":443\"; ma=2592000,h3-Q043=\":443\"; ma=2592000,quic=\":443\"; ma=2592000; v=\"46,43\"","accept-ranges":"none","transfer-encoding":"chunked"}
[debug] [2020-10-09T09:46:51.485Z] >>> HTTP REQUEST GET https://firebase.googleapis.com/v1beta1/projects/react-9fa96/webApps/-/config  
 
[debug] [2020-10-09T09:46:52.925Z] <<< HTTP RESPONSE 200 {"content-type":"application/json; charset=UTF-8","vary":"X-Origin, Referer, Origin,Accept-Encoding","date":"Fri, 09 Oct 2020 09:46:52 GMT","server":"ESF","cache-control":"private","x-xss-protection":"0","x-frame-options":"SAMEORIGIN","x-content-type-options":"nosniff","alt-svc":"h3-Q050=\":443\"; ma=2592000,h3-29=\":443\"; ma=2592000,h3-27=\":443\"; ma=2592000,h3-T051=\":443\"; ma=2592000,h3-T050=\":443\"; ma=2592000,h3-Q046=\":443\"; ma=2592000,h3-Q043=\":443\"; ma=2592000,quic=\":443\"; ma=2592000; v=\"46,43\"","accept-ranges":"none","transfer-encoding":"chunked"}
[info] i  hosting: Serving hosting files from: build {"metadata":{"emulator":{"name":"hosting"},"message":"Serving hosting files from: \u001b[1mbuild\u001b[22m"}}
[info] +  hosting: Local server: http://localhost:5000 {"metadata":{"emulator":{"name":"hosting"},"message":"Local server: \u001b[4m\u001b[1mhttp://localhost:5000\u001b[22m\u001b[24m"}}
[debug] [2020-10-09T09:46:57.010Z] Ignoring unsupported arg: auto_download {"metadata":{"emulator":{"name":"ui"},"message":"Ignoring unsupported arg: auto_download"}}
[debug] [2020-10-09T09:46:57.010Z] Ignoring unsupported arg: port {"metadata":{"emulator":{"name":"ui"},"message":"Ignoring unsupported arg: port"}}
[debug] [2020-10-09T09:46:57.010Z] Starting Emulator UI with command {"binary":"node","args":["C:\\Users\\91819\\.cache\\firebase\\emulators\\ui-v1.1.1\\server.bundle.js"],"optionalArgs":[],"joinArgs":false} {"metadata":{"emulator":{"name":"ui"},"message":"Starting Emulator UI with command {\"binary\":\"node\",\"args\":[\"C:\\\\Users\\\\91819\\\\.cache\\\\firebase\\\\emulators\\\\ui-v1.1.1\\\\server.bundle.js\"],\"optionalArgs\":[],\"joinArgs\":false}"}}
[info] i  ui: Emulator UI logging to ui-debug.log {"metadata":{"emulator":{"name":"ui"},"message":"Emulator UI logging to \u001b[1mui-debug.log\u001b[22m"}}
[debug] [2020-10-09T09:46:57.179Z] Web / API server started at http://localhost:4000
 {"metadata":{"emulator":{"name":"ui"},"message":"Web / API server started at http://localhost:4000\n"}}
[info] i  functions: Watching "C:\Users\91819\Desktop\Amazon_Reactjs\front-end\functions" for Cloud Functions... {"metadata":{"emulator":{"name":"functions"},"message":"Watching \"C:\\Users\\91819\\Desktop\\Amazon_Reactjs\\front-end\\functions\" for Cloud Functions..."}}
[debug] [2020-10-09T09:46:57.539Z] [worker-pool] addWorker(~diagnostic~) {"metadata":{"emulator":{"name":"functions"},"message":"[worker-pool] addWorker(~diagnostic~)"}}
[debug] [2020-10-09T09:46:57.539Z] [worker-pool] Adding worker with key ~diagnostic~, total=1 {"metadata":{"emulator":{"name":"functions"},"message":"[worker-pool] Adding worker with key ~diagnostic~, total=1"}}
[debug] [2020-10-09T09:46:57.540Z] [worker-pool] submitWork(triggerId=) {"metadata":{"emulator":{"name":"functions"},"message":"[worker-pool] submitWork(triggerId=)"}}
[debug] [2020-10-09T09:46:57.540Z] [worker-~diagnostic~-5e854e78-85e1-4fc8-a47d-ec669c912895]: Assigning socketPath: \\?\pipe\C:\Users\91819\Desktop\Amazon_Reactjs\front-end\functions\10864 {"metadata":{"emulator":{"name":"functions"},"message":"[worker-~diagnostic~-5e854e78-85e1-4fc8-a47d-ec669c912895]: Assigning socketPath: \\\\?\\pipe\\C:\\Users\\91819\\Desktop\\Amazon_Reactjs\\front-end\\functions\\10864"}}
[debug] [2020-10-09T09:46:57.541Z] [worker-~diagnostic~-5e854e78-85e1-4fc8-a47d-ec669c912895]: BUSY {"metadata":{"emulator":{"name":"functions"},"message":"[worker-~diagnostic~-5e854e78-85e1-4fc8-a47d-ec669c912895]: BUSY"}}
[debug] [2020-10-09T09:46:58.146Z] [runtime-status] [10864] Functions runtime initialized. {"cwd":"C:\\Users\\91819\\Desktop\\Amazon_Reactjs\\front-end\\functions","node_version":"12.18.0"} {"metadata":{"emulator":{"name":"functions"},"message":"[runtime-status] [10864] Functions runtime initialized. {\"cwd\":\"C:\\\\Users\\\\91819\\\\Desktop\\\\Amazon_Reactjs\\\\front-end\\\\functions\",\"node_version\":\"12.18.0\"}"}}
[debug] [2020-10-09T09:46:58.153Z] [runtime-status] [10864] Disabled runtime features: undefined {"metadata":{"emulator":{"name":"functions"},"message":"[runtime-status] [10864] Disabled runtime features: undefined"}}
[debug] [2020-10-09T09:46:58.158Z] [runtime-status] [10864] Resolved module firebase-admin {"declared":true,"installed":true,"version":"8.13.0","resolution":"C:\\Users\\91819\\Desktop\\Amazon_Reactjs\\front-end\\functions\\node_modules\\firebase-admin\\lib\\index.js"} {"metadata":{"emulator":{"name":"functions"},"message":"[runtime-status] [10864] Resolved module firebase-admin {\"declared\":true,\"installed\":true,\"version\":\"8.13.0\",\"resolution\":\"C:\\\\Users\\\\91819\\\\Desktop\\\\Amazon_Reactjs\\\\front-end\\\\functions\\\\node_modules\\\\firebase-admin\\\\lib\\\\index.js\"}"}}
[debug] [2020-10-09T09:46:58.164Z] [runtime-status] [10864] Resolved module firebase-functions {"declared":true,"installed":true,"version":"3.11.0","resolution":"C:\\Users\\91819\\Desktop\\Amazon_Reactjs\\front-end\\functions\\node_modules\\firebase-functions\\lib\\index.js"} {"metadata":{"emulator":{"name":"functions"},"message":"[runtime-status] [10864] Resolved module firebase-functions {\"declared\":true,\"installed\":true,\"version\":\"3.11.0\",\"resolution\":\"C:\\\\Users\\\\91819\\\\Desktop\\\\Amazon_Reactjs\\\\front-end\\\\functions\\\\node_modules\\\\firebase-functions\\\\lib\\\\index.js\"}"}}
[debug] [2020-10-09T09:46:58.166Z] [runtime-status] [10864] Resolved module firebase-functions {"declared":true,"installed":true,"version":"3.11.0","resolution":"C:\\Users\\91819\\Desktop\\Amazon_Reactjs\\front-end\\functions\\node_modules\\firebase-functions\\lib\\index.js"} {"metadata":{"emulator":{"name":"functions"},"message":"[runtime-status] [10864] Resolved module firebase-functions {\"declared\":true,\"installed\":true,\"version\":\"3.11.0\",\"resolution\":\"C:\\\\Users\\\\91819\\\\Desktop\\\\Amazon_Reactjs\\\\front-end\\\\functions\\\\node_modules\\\\firebase-functions\\\\lib\\\\index.js\"}"}}
[debug] [2020-10-09T09:46:58.169Z] [runtime-status] [10864] Outgoing network have been stubbed. [{"name":"http","status":"mocked"},{"name":"http","status":"mocked"},{"name":"https","status":"mocked"},{"name":"https","status":"mocked"},{"name":"net","status":"mocked"}] {"metadata":{"emulator":{"name":"functions"},"message":"[runtime-status] [10864] Outgoing network have been stubbed. [{\"name\":\"http\",\"status\":\"mocked\"},{\"name\":\"http\",\"status\":\"mocked\"},{\"name\":\"https\",\"status\":\"mocked\"},{\"name\":\"https\",\"status\":\"mocked\"},{\"name\":\"net\",\"status\":\"mocked\"}]"}}
[debug] [2020-10-09T09:46:58.170Z] [runtime-status] [10864] Resolved module firebase-functions {"declared":true,"installed":true,"version":"3.11.0","resolution":"C:\\Users\\91819\\Desktop\\Amazon_Reactjs\\front-end\\functions\\node_modules\\firebase-functions\\lib\\index.js"} {"metadata":{"emulator":{"name":"functions"},"message":"[runtime-status] [10864] Resolved module firebase-functions {\"declared\":true,\"installed\":true,\"version\":\"3.11.0\",\"resolution\":\"C:\\\\Users\\\\91819\\\\Desktop\\\\Amazon_Reactjs\\\\front-end\\\\functions\\\\node_modules\\\\firebase-functions\\\\lib\\\\index.js\"}"}}
[debug] [2020-10-09T09:46:58.233Z] [runtime-status] [10864] Checked functions.config() {"config":{}} {"metadata":{"emulator":{"name":"functions"},"message":"[runtime-status] [10864] Checked functions.config() {\"config\":{}}"}}
[debug] [2020-10-09T09:46:58.234Z] [runtime-status] [10864] firebase-functions has been stubbed. {"functionsResolution":{"declared":true,"installed":true,"version":"3.11.0","resolution":"C:\\Users\\91819\\Desktop\\Amazon_Reactjs\\front-end\\functions\\node_modules\\firebase-functions\\lib\\index.js"}} {"metadata":{"emulator":{"name":"functions"},"message":"[runtime-status] [10864] firebase-functions has been stubbed. {\"functionsResolution\":{\"declared\":true,\"installed\":true,\"version\":\"3.11.0\",\"resolution\":\"C:\\\\Users\\\\91819\\\\Desktop\\\\Amazon_Reactjs\\\\front-end\\\\functions\\\\node_modules\\\\firebase-functions\\\\lib\\\\index.js\"}}"}}
[debug] [2020-10-09T09:46:58.235Z] [runtime-status] [10864] Resolved module firebase-functions {"declared":true,"installed":true,"version":"3.11.0","resolution":"C:\\Users\\91819\\Desktop\\Amazon_Reactjs\\front-end\\functions\\node_modules\\firebase-functions\\lib\\index.js"} {"metadata":{"emulator":{"name":"functions"},"message":"[runtime-status] [10864] Resolved module firebase-functions {\"declared\":true,\"installed\":true,\"version\":\"3.11.0\",\"resolution\":\"C:\\\\Users\\\\91819\\\\Desktop\\\\Amazon_Reactjs\\\\front-end\\\\functions\\\\node_modules\\\\firebase-functions\\\\lib\\\\index.js\"}"}}
[debug] [2020-10-09T09:46:58.236Z] [runtime-status] [10864] Resolved module firebase-admin {"declared":true,"installed":true,"version":"8.13.0","resolution":"C:\\Users\\91819\\Desktop\\Amazon_Reactjs\\front-end\\functions\\node_modules\\firebase-admin\\lib\\index.js"} {"metadata":{"emulator":{"name":"functions"},"message":"[runtime-status] [10864] Resolved module firebase-admin {\"declared\":true,\"installed\":true,\"version\":\"8.13.0\",\"resolution\":\"C:\\\\Users\\\\91819\\\\Desktop\\\\Amazon_Reactjs\\\\front-end\\\\functions\\\\node_modules\\\\firebase-admin\\\\lib\\\\index.js\"}"}}
[debug] [2020-10-09T09:46:58.237Z] [runtime-status] [10864] Resolved module firebase-functions {"declared":true,"installed":true,"version":"3.11.0","resolution":"C:\\Users\\91819\\Desktop\\Amazon_Reactjs\\front-end\\functions\\node_modules\\firebase-functions\\lib\\index.js"} {"metadata":{"emulator":{"name":"functions"},"message":"[runtime-status] [10864] Resolved module firebase-functions {\"declared\":true,\"installed\":true,\"version\":\"3.11.0\",\"resolution\":\"C:\\\\Users\\\\91819\\\\Desktop\\\\Amazon_Reactjs\\\\front-end\\\\functions\\\\node_modules\\\\firebase-functions\\\\lib\\\\index.js\"}"}}
[debug] [2020-10-09T09:46:58.238Z] [runtime-status] [10864] firebase-admin has been stubbed. {"adminResolution":{"declared":true,"installed":true,"version":"8.13.0","resolution":"C:\\Users\\91819\\Desktop\\Amazon_Reactjs\\front-end\\functions\\node_modules\\firebase-admin\\lib\\index.js"}} {"metadata":{"emulator":{"name":"functions"},"message":"[runtime-status] [10864] firebase-admin has been stubbed. {\"adminResolution\":{\"declared\":true,\"installed\":true,\"version\":\"8.13.0\",\"resolution\":\"C:\\\\Users\\\\91819\\\\Desktop\\\\Amazon_Reactjs\\\\front-end\\\\functions\\\\node_modules\\\\firebase-admin\\\\lib\\\\index.js\"}}"}}
[info] +  functions[api]: http function initialized (http://localhost:5001/react-9fa96/us-central1/api). {"metadata":{"emulator":{"name":"functions"},"message":"\u001b[1mhttp\u001b[22m function initialized (http://localhost:5001/react-9fa96/us-central1/api)."}}
[info] 
┌───────────────────────────────────────────────────────────────────────┐
│ ✔  All emulators ready! View status and logs at http://localhost:4000 │
└───────────────────────────────────────────────────────────────────────┘

┌───────────┬────────────────┬─────────────────────────────────┐
│ Emulator  │ Host:Port      │ View in Emulator UI             │
├───────────┼────────────────┼─────────────────────────────────┤
│ Functions │ localhost:5001 │ http://localhost:4000/functions │
├───────────┼────────────────┼─────────────────────────────────┤
│ Hosting   │ localhost:5000 │ n/a                             │
└───────────┴────────────────┴─────────────────────────────────┘
  Other reserved ports: 4400, 4500

Issues? Report them at https://github.com/firebase/firebase-tools/issues and attach the *-debug.log files.
 
[debug] [2020-10-09T09:46:58.535Z] [worker-~diagnostic~-5e854e78-85e1-4fc8-a47d-ec669c912895]: IDLE {"metadata":{"emulator":{"name":"functions"},"message":"[worker-~diagnostic~-5e854e78-85e1-4fc8-a47d-ec669c912895]: IDLE"}}
[debug] [2020-10-09T10:00:03.151Z] [work-queue] {"queueLength":1,"workRunningCount":0}
[debug] [2020-10-09T10:00:03.151Z] [work-queue] {"queueLength":0,"workRunningCount":1}
[debug] [2020-10-09T10:00:03.152Z] Accepted request GET /react-9fa96/us-central1/api --> api
[debug] [2020-10-09T10:00:03.158Z] [worker-pool] addWorker(api) {"metadata":{"emulator":{"name":"functions"},"message":"[worker-pool] addWorker(api)"}}
[debug] [2020-10-09T10:00:03.158Z] [worker-pool] Adding worker with key api, total=1 {"metadata":{"emulator":{"name":"functions"},"message":"[worker-pool] Adding worker with key api, total=1"}}
[debug] [2020-10-09T10:00:03.159Z] [worker-pool] submitWork(triggerId=api) {"metadata":{"emulator":{"name":"functions"},"message":"[worker-pool] submitWork(triggerId=api)"}}
[debug] [2020-10-09T10:00:03.159Z] [worker-api-64d10f8a-b78e-4dd7-9f0d-a61629ea54ba]: Assigning socketPath: \\?\pipe\C:\Users\91819\Desktop\Amazon_Reactjs\front-end\functions\10368 {"metadata":{"emulator":{"name":"functions"},"message":"[worker-api-64d10f8a-b78e-4dd7-9f0d-a61629ea54ba]: Assigning socketPath: \\\\?\\pipe\\C:\\Users\\91819\\Desktop\\Amazon_Reactjs\\front-end\\functions\\10368"}}
[debug] [2020-10-09T10:00:03.159Z] [worker-api-64d10f8a-b78e-4dd7-9f0d-a61629ea54ba]: BUSY {"metadata":{"emulator":{"name":"functions"},"message":"[worker-api-64d10f8a-b78e-4dd7-9f0d-a61629ea54ba]: BUSY"}}
[debug] [2020-10-09T10:00:04.027Z] [runtime-status] [10368] Functions runtime initialized. {"cwd":"C:\\Users\\91819\\Desktop\\Amazon_Reactjs\\front-end\\functions","node_version":"12.18.0"} {"metadata":{"emulator":{"name":"functions"},"function":{"name":"api"},"message":"[runtime-status] [10368] Functions runtime initialized. {\"cwd\":\"C:\\\\Users\\\\91819\\\\Desktop\\\\Amazon_Reactjs\\\\front-end\\\\functions\",\"node_version\":\"12.18.0\"}"}}
[debug] [2020-10-09T10:00:04.035Z] [runtime-status] [10368] Disabled runtime features: undefined {"metadata":{"emulator":{"name":"functions"},"function":{"name":"api"},"message":"[runtime-status] [10368] Disabled runtime features: undefined"}}
[debug] [2020-10-09T10:00:04.045Z] [runtime-status] [10368] Resolved module firebase-admin {"declared":true,"installed":true,"version":"8.13.0","resolution":"C:\\Users\\91819\\Desktop\\Amazon_Reactjs\\front-end\\functions\\node_modules\\firebase-admin\\lib\\index.js"} {"metadata":{"emulator":{"name":"functions"},"function":{"name":"api"},"message":"[runtime-status] [10368] Resolved module firebase-admin {\"declared\":true,\"installed\":true,\"version\":\"8.13.0\",\"resolution\":\"C:\\\\Users\\\\91819\\\\Desktop\\\\Amazon_Reactjs\\\\front-end\\\\functions\\\\node_modules\\\\firebase-admin\\\\lib\\\\index.js\"}"}}
[debug] [2020-10-09T10:00:04.047Z] [runtime-status] [10368] Resolved module firebase-functions {"declared":true,"installed":true,"version":"3.11.0","resolution":"C:\\Users\\91819\\Desktop\\Amazon_Reactjs\\front-end\\functions\\node_modules\\firebase-functions\\lib\\index.js"} {"metadata":{"emulator":{"name":"functions"},"function":{"name":"api"},"message":"[runtime-status] [10368] Resolved module firebase-functions {\"declared\":true,\"installed\":true,\"version\":\"3.11.0\",\"resolution\":\"C:\\\\Users\\\\91819\\\\Desktop\\\\Amazon_Reactjs\\\\front-end\\\\functions\\\\node_modules\\\\firebase-functions\\\\lib\\\\index.js\"}"}}
[debug] [2020-10-09T10:00:04.048Z] [runtime-status] [10368] Resolved module firebase-functions {"declared":true,"installed":true,"version":"3.11.0","resolution":"C:\\Users\\91819\\Desktop\\Amazon_Reactjs\\front-end\\functions\\node_modules\\firebase-functions\\lib\\index.js"} {"metadata":{"emulator":{"name":"functions"},"function":{"name":"api"},"message":"[runtime-status] [10368] Resolved module firebase-functions {\"declared\":true,\"installed\":true,\"version\":\"3.11.0\",\"resolution\":\"C:\\\\Users\\\\91819\\\\Desktop\\\\Amazon_Reactjs\\\\front-end\\\\functions\\\\node_modules\\\\firebase-functions\\\\lib\\\\index.js\"}"}}
[debug] [2020-10-09T10:00:04.051Z] [runtime-status] [10368] Outgoing network have been stubbed. [{"name":"http","status":"mocked"},{"name":"http","status":"mocked"},{"name":"https","status":"mocked"},{"name":"https","status":"mocked"},{"name":"net","status":"mocked"}] {"metadata":{"emulator":{"name":"functions"},"function":{"name":"api"},"message":"[runtime-status] [10368] Outgoing network have been stubbed. [{\"name\":\"http\",\"status\":\"mocked\"},{\"name\":\"http\",\"status\":\"mocked\"},{\"name\":\"https\",\"status\":\"mocked\"},{\"name\":\"https\",\"status\":\"mocked\"},{\"name\":\"net\",\"status\":\"mocked\"}]"}}
[debug] [2020-10-09T10:00:04.052Z] [runtime-status] [10368] Resolved module firebase-functions {"declared":true,"installed":true,"version":"3.11.0","resolution":"C:\\Users\\91819\\Desktop\\Amazon_Reactjs\\front-end\\functions\\node_modules\\firebase-functions\\lib\\index.js"} {"metadata":{"emulator":{"name":"functions"},"function":{"name":"api"},"message":"[runtime-status] [10368] Resolved module firebase-functions {\"declared\":true,\"installed\":true,\"version\":\"3.11.0\",\"resolution\":\"C:\\\\Users\\\\91819\\\\Desktop\\\\Amazon_Reactjs\\\\front-end\\\\functions\\\\node_modules\\\\firebase-functions\\\\lib\\\\index.js\"}"}}
[debug] [2020-10-09T10:00:04.116Z] [runtime-status] [10368] Checked functions.config() {"config":{}} {"metadata":{"emulator":{"name":"functions"},"function":{"name":"api"},"message":"[runtime-status] [10368] Checked functions.config() {\"config\":{}}"}}
[debug] [2020-10-09T10:00:04.118Z] [runtime-status] [10368] firebase-functions has been stubbed. {"functionsResolution":{"declared":true,"installed":true,"version":"3.11.0","resolution":"C:\\Users\\91819\\Desktop\\Amazon_Reactjs\\front-end\\functions\\node_modules\\firebase-functions\\lib\\index.js"}} {"metadata":{"emulator":{"name":"functions"},"function":{"name":"api"},"message":"[runtime-status] [10368] firebase-functions has been stubbed. {\"functionsResolution\":{\"declared\":true,\"installed\":true,\"version\":\"3.11.0\",\"resolution\":\"C:\\\\Users\\\\91819\\\\Desktop\\\\Amazon_Reactjs\\\\front-end\\\\functions\\\\node_modules\\\\firebase-functions\\\\lib\\\\index.js\"}}"}}
[debug] [2020-10-09T10:00:04.118Z] [runtime-status] [10368] Resolved module firebase-functions {"declared":true,"installed":true,"version":"3.11.0","resolution":"C:\\Users\\91819\\Desktop\\Amazon_Reactjs\\front-end\\functions\\node_modules\\firebase-functions\\lib\\index.js"} {"metadata":{"emulator":{"name":"functions"},"function":{"name":"api"},"message":"[runtime-status] [10368] Resolved module firebase-functions {\"declared\":true,\"installed\":true,\"version\":\"3.11.0\",\"resolution\":\"C:\\\\Users\\\\91819\\\\Desktop\\\\Amazon_Reactjs\\\\front-end\\\\functions\\\\node_modules\\\\firebase-functions\\\\lib\\\\index.js\"}"}}
[debug] [2020-10-09T10:00:04.120Z] [runtime-status] [10368] Resolved module firebase-admin {"declared":true,"installed":true,"version":"8.13.0","resolution":"C:\\Users\\91819\\Desktop\\Amazon_Reactjs\\front-end\\functions\\node_modules\\firebase-admin\\lib\\index.js"} {"metadata":{"emulator":{"name":"functions"},"function":{"name":"api"},"message":"[runtime-status] [10368] Resolved module firebase-admin {\"declared\":true,\"installed\":true,\"version\":\"8.13.0\",\"resolution\":\"C:\\\\Users\\\\91819\\\\Desktop\\\\Amazon_Reactjs\\\\front-end\\\\functions\\\\node_modules\\\\firebase-admin\\\\lib\\\\index.js\"}"}}
[debug] [2020-10-09T10:00:04.120Z] [runtime-status] [10368] Resolved module firebase-functions {"declared":true,"installed":true,"version":"3.11.0","resolution":"C:\\Users\\91819\\Desktop\\Amazon_Reactjs\\front-end\\functions\\node_modules\\firebase-functions\\lib\\index.js"} {"metadata":{"emulator":{"name":"functions"},"function":{"name":"api"},"message":"[runtime-status] [10368] Resolved module firebase-functions {\"declared\":true,\"installed\":true,\"version\":\"3.11.0\",\"resolution\":\"C:\\\\Users\\\\91819\\\\Desktop\\\\Amazon_Reactjs\\\\front-end\\\\functions\\\\node_modules\\\\firebase-functions\\\\lib\\\\index.js\"}"}}
[debug] [2020-10-09T10:00:04.121Z] [runtime-status] [10368] firebase-admin has been stubbed. {"adminResolution":{"declared":true,"installed":true,"version":"8.13.0","resolution":"C:\\Users\\91819\\Desktop\\Amazon_Reactjs\\front-end\\functions\\node_modules\\firebase-admin\\lib\\index.js"}} {"metadata":{"emulator":{"name":"functions"},"function":{"name":"api"},"message":"[runtime-status] [10368] firebase-admin has been stubbed. {\"adminResolution\":{\"declared\":true,\"installed\":true,\"version\":\"8.13.0\",\"resolution\":\"C:\\\\Users\\\\91819\\\\Desktop\\\\Amazon_Reactjs\\\\front-end\\\\functions\\\\node_modules\\\\firebase-admin\\\\lib\\\\index.js\"}}"}}
[debug] [2020-10-09T10:00:04.366Z] [runtime-status] [10368] Trigger "api" has been found, beginning invocation! {"metadata":{"emulator":{"name":"functions"},"function":{"name":"api"},"message":"[runtime-status] [10368] Trigger \"api\" has been found, beginning invocation!"}}
[info] i  functions: Beginning execution of "api" {"metadata":{"emulator":{"name":"functions"},"function":{"name":"api"},"message":"Beginning execution of \"api\""}}
[debug] [2020-10-09T10:00:04.368Z] [runtime-status] [10368] triggerDefinition {"httpsTrigger":{},"name":"api","entryPoint":"api"} {"metadata":{"emulator":{"name":"functions"},"function":{"name":"api"},"message":"[runtime-status] [10368] triggerDefinition {\"httpsTrigger\":{},\"name\":\"api\",\"entryPoint\":\"api\"}"}}
[debug] [2020-10-09T10:00:04.369Z] [runtime-status] [10368] Running api in mode HTTPS {"metadata":{"emulator":{"name":"functions"},"function":{"name":"api"},"message":"[runtime-status] [10368] Running api in mode HTTPS"}}
[debug] [2020-10-09T10:00:04.376Z] [runtime-status] [10368] Attempting to listen to socketPath: \\?\pipe\C:\Users\91819\Desktop\Amazon_Reactjs\front-end\functions\10368 {"metadata":{"emulator":{"name":"functions"},"function":{"name":"api"},"message":"[runtime-status] [10368] Attempting to listen to socketPath: \\\\?\\pipe\\C:\\Users\\91819\\Desktop\\Amazon_Reactjs\\front-end\\functions\\10368"}}
[debug] [2020-10-09T10:00:04.382Z] [functions] Runtime ready! Sending request! {"metadata":{"emulator":{"name":"functions"},"message":"[functions] Runtime ready! Sending request!"}}
[debug] [2020-10-09T10:00:04.395Z] [runtime-status] [10368] Ephemeral server handling GET request {"metadata":{"emulator":{"name":"functions"},"function":{"name":"api"},"message":"[runtime-status] [10368] Ephemeral server handling GET request"}}
[debug] [2020-10-09T10:00:04.403Z] [runtime-status] [10368] Ephemeral server survived. {"metadata":{"emulator":{"name":"functions"},"function":{"name":"api"},"message":"[runtime-status] [10368] Ephemeral server survived."}}
[info] i  functions: Finished "api" in ~1s {"metadata":{"emulator":{"name":"functions"},"function":{"name":"api"},"message":"Finished \"api\" in ~1s"}}
[debug] [2020-10-09T10:00:04.411Z] [worker-api-64d10f8a-b78e-4dd7-9f0d-a61629ea54ba]: IDLE {"metadata":{"emulator":{"name":"functions"},"message":"[worker-api-64d10f8a-b78e-4dd7-9f0d-a61629ea54ba]: IDLE"}}
[debug] [2020-10-09T10:00:04.411Z] [work-queue] {"queueLength":0,"workRunningCount":0}
[debug] [2020-10-09T10:00:28.368Z] File C:\Users\91819\Desktop\Amazon_Reactjs\front-end\functions\index.js changed, reloading triggers {"metadata":{"emulator":{"name":"functions"},"message":"File C:\\Users\\91819\\Desktop\\Amazon_Reactjs\\front-end\\functions\\index.js changed, reloading triggers"}}
[debug] [2020-10-09T10:00:29.369Z] [worker-pool] Shutting down IDLE worker (~diagnostic~) {"metadata":{"emulator":{"name":"functions"},"message":"[worker-pool] Shutting down IDLE worker (~diagnostic~)"}}
[debug] [2020-10-09T10:00:29.370Z] [worker-~diagnostic~-5e854e78-85e1-4fc8-a47d-ec669c912895]: FINISHING {"metadata":{"emulator":{"name":"functions"},"message":"[worker-~diagnostic~-5e854e78-85e1-4fc8-a47d-ec669c912895]: FINISHING"}}
[debug] [2020-10-09T10:00:29.370Z] [worker-pool] Shutting down IDLE worker (api) {"metadata":{"emulator":{"name":"functions"},"message":"[worker-pool] Shutting down IDLE worker (api)"}}
[debug] [2020-10-09T10:00:29.371Z] [worker-api-64d10f8a-b78e-4dd7-9f0d-a61629ea54ba]: FINISHING {"metadata":{"emulator":{"name":"functions"},"message":"[worker-api-64d10f8a-b78e-4dd7-9f0d-a61629ea54ba]: FINISHING"}}
[debug] [2020-10-09T10:00:29.377Z] [worker-pool] addWorker(~diagnostic~) {"metadata":{"emulator":{"name":"functions"},"message":"[worker-pool] addWorker(~diagnostic~)"}}
[debug] [2020-10-09T10:00:29.378Z] [worker-pool] Adding worker with key ~diagnostic~, total=2 {"metadata":{"emulator":{"name":"functions"},"message":"[worker-pool] Adding worker with key ~diagnostic~, total=2"}}
[debug] [2020-10-09T10:00:29.378Z] [worker-pool] submitWork(triggerId=) {"metadata":{"emulator":{"name":"functions"},"message":"[worker-pool] submitWork(triggerId=)"}}
[debug] [2020-10-09T10:00:29.378Z] [worker-~diagnostic~-2b611081-e627-43ce-a758-bb828d75ffcf]: Assigning socketPath: \\?\pipe\C:\Users\91819\Desktop\Amazon_Reactjs\front-end\functions\11620 {"metadata":{"emulator":{"name":"functions"},"message":"[worker-~diagnostic~-2b611081-e627-43ce-a758-bb828d75ffcf]: Assigning socketPath: \\\\?\\pipe\\C:\\Users\\91819\\Desktop\\Amazon_Reactjs\\front-end\\functions\\11620"}}
[debug] [2020-10-09T10:00:29.378Z] [worker-~diagnostic~-2b611081-e627-43ce-a758-bb828d75ffcf]: BUSY {"metadata":{"emulator":{"name":"functions"},"message":"[worker-~diagnostic~-2b611081-e627-43ce-a758-bb828d75ffcf]: BUSY"}}
[debug] [2020-10-09T10:00:29.384Z] [worker-~diagnostic~-5e854e78-85e1-4fc8-a47d-ec669c912895]: exited {"metadata":{"emulator":{"name":"functions"},"message":"[worker-~diagnostic~-5e854e78-85e1-4fc8-a47d-ec669c912895]: exited"}}
[debug] [2020-10-09T10:00:29.384Z] [worker-~diagnostic~-5e854e78-85e1-4fc8-a47d-ec669c912895]: FINISHED {"metadata":{"emulator":{"name":"functions"},"message":"[worker-~diagnostic~-5e854e78-85e1-4fc8-a47d-ec669c912895]: FINISHED"}}
[debug] [2020-10-09T10:00:29.400Z] [worker-api-64d10f8a-b78e-4dd7-9f0d-a61629ea54ba]: exited {"metadata":{"emulator":{"name":"functions"},"message":"[worker-api-64d10f8a-b78e-4dd7-9f0d-a61629ea54ba]: exited"}}
[debug] [2020-10-09T10:00:29.400Z] [worker-api-64d10f8a-b78e-4dd7-9f0d-a61629ea54ba]: FINISHED {"metadata":{"emulator":{"name":"functions"},"message":"[worker-api-64d10f8a-b78e-4dd7-9f0d-a61629ea54ba]: FINISHED"}}
[debug] [2020-10-09T10:00:30.712Z] [runtime-status] [11620] Functions runtime initialized. {"cwd":"C:\\Users\\91819\\Desktop\\Amazon_Reactjs\\front-end\\functions","node_version":"12.18.0"} {"metadata":{"emulator":{"name":"functions"},"message":"[runtime-status] [11620] Functions runtime initialized. {\"cwd\":\"C:\\\\Users\\\\91819\\\\Desktop\\\\Amazon_Reactjs\\\\front-end\\\\functions\",\"node_version\":\"12.18.0\"}"}}
[debug] [2020-10-09T10:00:30.724Z] [runtime-status] [11620] Disabled runtime features: undefined {"metadata":{"emulator":{"name":"functions"},"message":"[runtime-status] [11620] Disabled runtime features: undefined"}}
[debug] [2020-10-09T10:00:30.737Z] [runtime-status] [11620] Resolved module firebase-admin {"declared":true,"installed":true,"version":"8.13.0","resolution":"C:\\Users\\91819\\Desktop\\Amazon_Reactjs\\front-end\\functions\\node_modules\\firebase-admin\\lib\\index.js"} {"metadata":{"emulator":{"name":"functions"},"message":"[runtime-status] [11620] Resolved module firebase-admin {\"declared\":true,\"installed\":true,\"version\":\"8.13.0\",\"resolution\":\"C:\\\\Users\\\\91819\\\\Desktop\\\\Amazon_Reactjs\\\\front-end\\\\functions\\\\node_modules\\\\firebase-admin\\\\lib\\\\index.js\"}"}}
[debug] [2020-10-09T10:00:30.743Z] [runtime-status] [11620] Resolved module firebase-functions {"declared":true,"installed":true,"version":"3.11.0","resolution":"C:\\Users\\91819\\Desktop\\Amazon_Reactjs\\front-end\\functions\\node_modules\\firebase-functions\\lib\\index.js"} {"metadata":{"emulator":{"name":"functions"},"message":"[runtime-status] [11620] Resolved module firebase-functions {\"declared\":true,\"installed\":true,\"version\":\"3.11.0\",\"resolution\":\"C:\\\\Users\\\\91819\\\\Desktop\\\\Amazon_Reactjs\\\\front-end\\\\functions\\\\node_modules\\\\firebase-functions\\\\lib\\\\index.js\"}"}}
[debug] [2020-10-09T10:00:30.746Z] [runtime-status] [11620] Resolved module firebase-functions {"declared":true,"installed":true,"version":"3.11.0","resolution":"C:\\Users\\91819\\Desktop\\Amazon_Reactjs\\front-end\\functions\\node_modules\\firebase-functions\\lib\\index.js"} {"metadata":{"emulator":{"name":"functions"},"message":"[runtime-status] [11620] Resolved module firebase-functions {\"declared\":true,\"installed\":true,\"version\":\"3.11.0\",\"resolution\":\"C:\\\\Users\\\\91819\\\\Desktop\\\\Amazon_Reactjs\\\\front-end\\\\functions\\\\node_modules\\\\firebase-functions\\\\lib\\\\index.js\"}"}}
[debug] [2020-10-09T10:00:30.750Z] [runtime-status] [11620] Outgoing network have been stubbed. [{"name":"http","status":"mocked"},{"name":"http","status":"mocked"},{"name":"https","status":"mocked"},{"name":"https","status":"mocked"},{"name":"net","status":"mocked"}] {"metadata":{"emulator":{"name":"functions"},"message":"[runtime-status] [11620] Outgoing network have been stubbed. [{\"name\":\"http\",\"status\":\"mocked\"},{\"name\":\"http\",\"status\":\"mocked\"},{\"name\":\"https\",\"status\":\"mocked\"},{\"name\":\"https\",\"status\":\"mocked\"},{\"name\":\"net\",\"status\":\"mocked\"}]"}}
[debug] [2020-10-09T10:00:30.752Z] [runtime-status] [11620] Resolved module firebase-functions {"declared":true,"installed":true,"version":"3.11.0","resolution":"C:\\Users\\91819\\Desktop\\Amazon_Reactjs\\front-end\\functions\\node_modules\\firebase-functions\\lib\\index.js"} {"metadata":{"emulator":{"name":"functions"},"message":"[runtime-status] [11620] Resolved module firebase-functions {\"declared\":true,\"installed\":true,\"version\":\"3.11.0\",\"resolution\":\"C:\\\\Users\\\\91819\\\\Desktop\\\\Amazon_Reactjs\\\\front-end\\\\functions\\\\node_modules\\\\firebase-functions\\\\lib\\\\index.js\"}"}}
[debug] [2020-10-09T10:00:30.883Z] [runtime-status] [11620] Checked functions.config() {"config":{}} {"metadata":{"emulator":{"name":"functions"},"message":"[runtime-status] [11620] Checked functions.config() {\"config\":{}}"}}
[debug] [2020-10-09T10:00:30.884Z] [runtime-status] [11620] firebase-functions has been stubbed. {"functionsResolution":{"declared":true,"installed":true,"version":"3.11.0","resolution":"C:\\Users\\91819\\Desktop\\Amazon_Reactjs\\front-end\\functions\\node_modules\\firebase-functions\\lib\\index.js"}} {"metadata":{"emulator":{"name":"functions"},"message":"[runtime-status] [11620] firebase-functions has been stubbed. {\"functionsResolution\":{\"declared\":true,\"installed\":true,\"version\":\"3.11.0\",\"resolution\":\"C:\\\\Users\\\\91819\\\\Desktop\\\\Amazon_Reactjs\\\\front-end\\\\functions\\\\node_modules\\\\firebase-functions\\\\lib\\\\index.js\"}}"}}
[debug] [2020-10-09T10:00:30.886Z] [runtime-status] [11620] Resolved module firebase-functions {"declared":true,"installed":true,"version":"3.11.0","resolution":"C:\\Users\\91819\\Desktop\\Amazon_Reactjs\\front-end\\functions\\node_modules\\firebase-functions\\lib\\index.js"} {"metadata":{"emulator":{"name":"functions"},"message":"[runtime-status] [11620] Resolved module firebase-functions {\"declared\":true,\"installed\":true,\"version\":\"3.11.0\",\"resolution\":\"C:\\\\Users\\\\91819\\\\Desktop\\\\Amazon_Reactjs\\\\front-end\\\\functions\\\\node_modules\\\\firebase-functions\\\\lib\\\\index.js\"}"}}
[debug] [2020-10-09T10:00:30.891Z] [runtime-status] [11620] Resolved module firebase-admin {"declared":true,"installed":true,"version":"8.13.0","resolution":"C:\\Users\\91819\\Desktop\\Amazon_Reactjs\\front-end\\functions\\node_modules\\firebase-admin\\lib\\index.js"} {"metadata":{"emulator":{"name":"functions"},"message":"[runtime-status] [11620] Resolved module firebase-admin {\"declared\":true,\"installed\":true,\"version\":\"8.13.0\",\"resolution\":\"C:\\\\Users\\\\91819\\\\Desktop\\\\Amazon_Reactjs\\\\front-end\\\\functions\\\\node_modules\\\\firebase-admin\\\\lib\\\\index.js\"}"}}
[debug] [2020-10-09T10:00:30.892Z] [runtime-status] [11620] Resolved module firebase-functions {"declared":true,"installed":true,"version":"3.11.0","resolution":"C:\\Users\\91819\\Desktop\\Amazon_Reactjs\\front-end\\functions\\node_modules\\firebase-functions\\lib\\index.js"} {"metadata":{"emulator":{"name":"functions"},"message":"[runtime-status] [11620] Resolved module firebase-functions {\"declared\":true,\"installed\":true,\"version\":\"3.11.0\",\"resolution\":\"C:\\\\Users\\\\91819\\\\Desktop\\\\Amazon_Reactjs\\\\front-end\\\\functions\\\\node_modules\\\\firebase-functions\\\\lib\\\\index.js\"}"}}
[debug] [2020-10-09T10:00:30.893Z] [runtime-status] [11620] firebase-admin has been stubbed. {"adminResolution":{"declared":true,"installed":true,"version":"8.13.0","resolution":"C:\\Users\\91819\\Desktop\\Amazon_Reactjs\\front-end\\functions\\node_modules\\firebase-admin\\lib\\index.js"}} {"metadata":{"emulator":{"name":"functions"},"message":"[runtime-status] [11620] firebase-admin has been stubbed. {\"adminResolution\":{\"declared\":true,\"installed\":true,\"version\":\"8.13.0\",\"resolution\":\"C:\\\\Users\\\\91819\\\\Desktop\\\\Amazon_Reactjs\\\\front-end\\\\functions\\\\node_modules\\\\firebase-admin\\\\lib\\\\index.js\"}}"}}
[debug] [2020-10-09T10:00:31.221Z] [worker-~diagnostic~-2b611081-e627-43ce-a758-bb828d75ffcf]: IDLE {"metadata":{"emulator":{"name":"functions"},"message":"[worker-~diagnostic~-2b611081-e627-43ce-a758-bb828d75ffcf]: IDLE"}}
[debug] [2020-10-09T10:00:47.438Z] [work-queue] {"queueLength":1,"workRunningCount":0}
[debug] [2020-10-09T10:00:47.438Z] [work-queue] {"queueLength":0,"workRunningCount":1}
[debug] [2020-10-09T10:00:47.439Z] Accepted request GET /react-9fa96/us-central1/api --> api
[debug] [2020-10-09T10:00:47.439Z] [worker-pool] Cleaned up workers for ~diagnostic~: 2 --> 1 {"metadata":{"emulator":{"name":"functions"},"message":"[worker-pool] Cleaned up workers for ~diagnostic~: 2 --> 1"}}
[debug] [2020-10-09T10:00:47.439Z] [worker-pool] Cleaned up workers for api: 1 --> 0 {"metadata":{"emulator":{"name":"functions"},"message":"[worker-pool] Cleaned up workers for api: 1 --> 0"}}
[debug] [2020-10-09T10:00:47.443Z] [worker-pool] addWorker(api) {"metadata":{"emulator":{"name":"functions"},"message":"[worker-pool] addWorker(api)"}}
[debug] [2020-10-09T10:00:47.443Z] [worker-pool] Adding worker with key api, total=1 {"metadata":{"emulator":{"name":"functions"},"message":"[worker-pool] Adding worker with key api, total=1"}}
[debug] [2020-10-09T10:00:47.444Z] [worker-pool] submitWork(triggerId=api) {"metadata":{"emulator":{"name":"functions"},"message":"[worker-pool] submitWork(triggerId=api)"}}
[debug] [2020-10-09T10:00:47.444Z] [worker-api-82a70283-546c-4a92-a86d-d0e9bf883811]: Assigning socketPath: \\?\pipe\C:\Users\91819\Desktop\Amazon_Reactjs\front-end\functions\10532 {"metadata":{"emulator":{"name":"functions"},"message":"[worker-api-82a70283-546c-4a92-a86d-d0e9bf883811]: Assigning socketPath: \\\\?\\pipe\\C:\\Users\\91819\\Desktop\\Amazon_Reactjs\\front-end\\functions\\10532"}}
[debug] [2020-10-09T10:00:47.444Z] [worker-api-82a70283-546c-4a92-a86d-d0e9bf883811]: BUSY {"metadata":{"emulator":{"name":"functions"},"message":"[worker-api-82a70283-546c-4a92-a86d-d0e9bf883811]: BUSY"}}
[debug] [2020-10-09T10:00:48.055Z] [runtime-status] [10532] Functions runtime initialized. {"cwd":"C:\\Users\\91819\\Desktop\\Amazon_Reactjs\\front-end\\functions","node_version":"12.18.0"} {"metadata":{"emulator":{"name":"functions"},"function":{"name":"api"},"message":"[runtime-status] [10532] Functions runtime initialized. {\"cwd\":\"C:\\\\Users\\\\91819\\\\Desktop\\\\Amazon_Reactjs\\\\front-end\\\\functions\",\"node_version\":\"12.18.0\"}"}}
[debug] [2020-10-09T10:00:48.063Z] [runtime-status] [10532] Disabled runtime features: undefined {"metadata":{"emulator":{"name":"functions"},"function":{"name":"api"},"message":"[runtime-status] [10532] Disabled runtime features: undefined"}}
[debug] [2020-10-09T10:00:48.072Z] [runtime-status] [10532] Resolved module firebase-admin {"declared":true,"installed":true,"version":"8.13.0","resolution":"C:\\Users\\91819\\Desktop\\Amazon_Reactjs\\front-end\\functions\\node_modules\\firebase-admin\\lib\\index.js"} {"metadata":{"emulator":{"name":"functions"},"function":{"name":"api"},"message":"[runtime-status] [10532] Resolved module firebase-admin {\"declared\":true,\"installed\":true,\"version\":\"8.13.0\",\"resolution\":\"C:\\\\Users\\\\91819\\\\Desktop\\\\Amazon_Reactjs\\\\front-end\\\\functions\\\\node_modules\\\\firebase-admin\\\\lib\\\\index.js\"}"}}
[debug] [2020-10-09T10:00:48.074Z] [runtime-status] [10532] Resolved module firebase-functions {"declared":true,"installed":true,"version":"3.11.0","resolution":"C:\\Users\\91819\\Desktop\\Amazon_Reactjs\\front-end\\functions\\node_modules\\firebase-functions\\lib\\index.js"} {"metadata":{"emulator":{"name":"functions"},"function":{"name":"api"},"message":"[runtime-status] [10532] Resolved module firebase-functions {\"declared\":true,\"installed\":true,\"version\":\"3.11.0\",\"resolution\":\"C:\\\\Users\\\\91819\\\\Desktop\\\\Amazon_Reactjs\\\\front-end\\\\functions\\\\node_modules\\\\firebase-functions\\\\lib\\\\index.js\"}"}}
[debug] [2020-10-09T10:00:48.076Z] [runtime-status] [10532] Resolved module firebase-functions {"declared":true,"installed":true,"version":"3.11.0","resolution":"C:\\Users\\91819\\Desktop\\Amazon_Reactjs\\front-end\\functions\\node_modules\\firebase-functions\\lib\\index.js"} {"metadata":{"emulator":{"name":"functions"},"function":{"name":"api"},"message":"[runtime-status] [10532] Resolved module firebase-functions {\"declared\":true,\"installed\":true,\"version\":\"3.11.0\",\"resolution\":\"C:\\\\Users\\\\91819\\\\Desktop\\\\Amazon_Reactjs\\\\front-end\\\\functions\\\\node_modules\\\\firebase-functions\\\\lib\\\\index.js\"}"}}
[debug] [2020-10-09T10:00:48.079Z] [runtime-status] [10532] Outgoing network have been stubbed. [{"name":"http","status":"mocked"},{"name":"http","status":"mocked"},{"name":"https","status":"mocked"},{"name":"https","status":"mocked"},{"name":"net","status":"mocked"}] {"metadata":{"emulator":{"name":"functions"},"function":{"name":"api"},"message":"[runtime-status] [10532] Outgoing network have been stubbed. [{\"name\":\"http\",\"status\":\"mocked\"},{\"name\":\"http\",\"status\":\"mocked\"},{\"name\":\"https\",\"status\":\"mocked\"},{\"name\":\"https\",\"status\":\"mocked\"},{\"name\":\"net\",\"status\":\"mocked\"}]"}}
[debug] [2020-10-09T10:00:48.080Z] [runtime-status] [10532] Resolved module firebase-functions {"declared":true,"installed":true,"version":"3.11.0","resolution":"C:\\Users\\91819\\Desktop\\Amazon_Reactjs\\front-end\\functions\\node_modules\\firebase-functions\\lib\\index.js"} {"metadata":{"emulator":{"name":"functions"},"function":{"name":"api"},"message":"[runtime-status] [10532] Resolved module firebase-functions {\"declared\":true,\"installed\":true,\"version\":\"3.11.0\",\"resolution\":\"C:\\\\Users\\\\91819\\\\Desktop\\\\Amazon_Reactjs\\\\front-end\\\\functions\\\\node_modules\\\\firebase-functions\\\\lib\\\\index.js\"}"}}
[debug] [2020-10-09T10:00:48.143Z] [runtime-status] [10532] Checked functions.config() {"config":{}} {"metadata":{"emulator":{"name":"functions"},"function":{"name":"api"},"message":"[runtime-status] [10532] Checked functions.config() {\"config\":{}}"}}
[debug] [2020-10-09T10:00:48.144Z] [runtime-status] [10532] firebase-functions has been stubbed. {"functionsResolution":{"declared":true,"installed":true,"version":"3.11.0","resolution":"C:\\Users\\91819\\Desktop\\Amazon_Reactjs\\front-end\\functions\\node_modules\\firebase-functions\\lib\\index.js"}} {"metadata":{"emulator":{"name":"functions"},"function":{"name":"api"},"message":"[runtime-status] [10532] firebase-functions has been stubbed. {\"functionsResolution\":{\"declared\":true,\"installed\":true,\"version\":\"3.11.0\",\"resolution\":\"C:\\\\Users\\\\91819\\\\Desktop\\\\Amazon_Reactjs\\\\front-end\\\\functions\\\\node_modules\\\\firebase-functions\\\\lib\\\\index.js\"}}"}}
[debug] [2020-10-09T10:00:48.144Z] [runtime-status] [10532] Resolved module firebase-functions {"declared":true,"installed":true,"version":"3.11.0","resolution":"C:\\Users\\91819\\Desktop\\Amazon_Reactjs\\front-end\\functions\\node_modules\\firebase-functions\\lib\\index.js"} {"metadata":{"emulator":{"name":"functions"},"function":{"name":"api"},"message":"[runtime-status] [10532] Resolved module firebase-functions {\"declared\":true,\"installed\":true,\"version\":\"3.11.0\",\"resolution\":\"C:\\\\Users\\\\91819\\\\Desktop\\\\Amazon_Reactjs\\\\front-end\\\\functions\\\\node_modules\\\\firebase-functions\\\\lib\\\\index.js\"}"}}
[debug] [2020-10-09T10:00:48.146Z] [runtime-status] [10532] Resolved module firebase-admin {"declared":true,"installed":true,"version":"8.13.0","resolution":"C:\\Users\\91819\\Desktop\\Amazon_Reactjs\\front-end\\functions\\node_modules\\firebase-admin\\lib\\index.js"} {"metadata":{"emulator":{"name":"functions"},"function":{"name":"api"},"message":"[runtime-status] [10532] Resolved module firebase-admin {\"declared\":true,\"installed\":true,\"version\":\"8.13.0\",\"resolution\":\"C:\\\\Users\\\\91819\\\\Desktop\\\\Amazon_Reactjs\\\\front-end\\\\functions\\\\node_modules\\\\firebase-admin\\\\lib\\\\index.js\"}"}}
[debug] [2020-10-09T10:00:48.147Z] [runtime-status] [10532] Resolved module firebase-functions {"declared":true,"installed":true,"version":"3.11.0","resolution":"C:\\Users\\91819\\Desktop\\Amazon_Reactjs\\front-end\\functions\\node_modules\\firebase-functions\\lib\\index.js"} {"metadata":{"emulator":{"name":"functions"},"function":{"name":"api"},"message":"[runtime-status] [10532] Resolved module firebase-functions {\"declared\":true,\"installed\":true,\"version\":\"3.11.0\",\"resolution\":\"C:\\\\Users\\\\91819\\\\Desktop\\\\Amazon_Reactjs\\\\front-end\\\\functions\\\\node_modules\\\\firebase-functions\\\\lib\\\\index.js\"}"}}
[debug] [2020-10-09T10:00:48.147Z] [runtime-status] [10532] firebase-admin has been stubbed. {"adminResolution":{"declared":true,"installed":true,"version":"8.13.0","resolution":"C:\\Users\\91819\\Desktop\\Amazon_Reactjs\\front-end\\functions\\node_modules\\firebase-admin\\lib\\index.js"}} {"metadata":{"emulator":{"name":"functions"},"function":{"name":"api"},"message":"[runtime-status] [10532] firebase-admin has been stubbed. {\"adminResolution\":{\"declared\":true,\"installed\":true,\"version\":\"8.13.0\",\"resolution\":\"C:\\\\Users\\\\91819\\\\Desktop\\\\Amazon_Reactjs\\\\front-end\\\\functions\\\\node_modules\\\\firebase-admin\\\\lib\\\\index.js\"}}"}}
[debug] [2020-10-09T10:00:48.388Z] [runtime-status] [10532] Trigger "api" has been found, beginning invocation! {"metadata":{"emulator":{"name":"functions"},"function":{"name":"api"},"message":"[runtime-status] [10532] Trigger \"api\" has been found, beginning invocation!"}}
[info] i  functions: Beginning execution of "api" {"metadata":{"emulator":{"name":"functions"},"function":{"name":"api"},"message":"Beginning execution of \"api\""}}
[debug] [2020-10-09T10:00:48.390Z] [runtime-status] [10532] triggerDefinition {"httpsTrigger":{},"name":"api","entryPoint":"api"} {"metadata":{"emulator":{"name":"functions"},"function":{"name":"api"},"message":"[runtime-status] [10532] triggerDefinition {\"httpsTrigger\":{},\"name\":\"api\",\"entryPoint\":\"api\"}"}}
[debug] [2020-10-09T10:00:48.390Z] [runtime-status] [10532] Running api in mode HTTPS {"metadata":{"emulator":{"name":"functions"},"function":{"name":"api"},"message":"[runtime-status] [10532] Running api in mode HTTPS"}}
[debug] [2020-10-09T10:00:48.397Z] [runtime-status] [10532] Attempting to listen to socketPath: \\?\pipe\C:\Users\91819\Desktop\Amazon_Reactjs\front-end\functions\10532 {"metadata":{"emulator":{"name":"functions"},"function":{"name":"api"},"message":"[runtime-status] [10532] Attempting to listen to socketPath: \\\\?\\pipe\\C:\\Users\\91819\\Desktop\\Amazon_Reactjs\\front-end\\functions\\10532"}}
[debug] [2020-10-09T10:00:48.406Z] [functions] Runtime ready! Sending request! {"metadata":{"emulator":{"name":"functions"},"message":"[functions] Runtime ready! Sending request!"}}
[debug] [2020-10-09T10:00:48.415Z] [runtime-status] [10532] Ephemeral server handling GET request {"metadata":{"emulator":{"name":"functions"},"function":{"name":"api"},"message":"[runtime-status] [10532] Ephemeral server handling GET request"}}
[debug] [2020-10-09T10:00:48.426Z] [runtime-status] [10532] Ephemeral server survived. {"metadata":{"emulator":{"name":"functions"},"function":{"name":"api"},"message":"[runtime-status] [10532] Ephemeral server survived."}}
[info] i  functions: Finished "api" in ~1s {"metadata":{"emulator":{"name":"functions"},"function":{"name":"api"},"message":"Finished \"api\" in ~1s"}}
[debug] [2020-10-09T10:00:48.435Z] [worker-api-82a70283-546c-4a92-a86d-d0e9bf883811]: IDLE {"metadata":{"emulator":{"name":"functions"},"message":"[worker-api-82a70283-546c-4a92-a86d-d0e9bf883811]: IDLE"}}
[debug] [2020-10-09T10:00:48.436Z] [work-queue] {"queueLength":0,"workRunningCount":0}
